Assuming unrestricted shared filesystem usage.
host: wirelessprv-10-192-198-155.near.illinois.edu
Building DAG of jobs...
Using shell: /bin/bash
Provided cores: 1 (use --cores to define parallelism)
Rules claiming more threads will be scaled down.
Job stats:
job             count
------------  -------
data_storage        1
run_all             1
total               2

Select jobs to execute...
Execute 1 jobs...
[Sun Dec  7 15:53:44 2025]
localrule data_storage:
    input: data/raw/food_inspections.csv, data/raw/zhvi.csv
    output: results/data_storage_summary.txt
    jobid: 1
    reason: Missing output files: results/data_storage_summary.txt
    resources: tmpdir=/var/folders/sh/z8h893ps7k92l_crm8fmjw800000gn/T
[Sun Dec  7 15:53:50 2025]
Finished jobid: 1 (Rule: data_storage)
1 of 2 steps (50%) done
Select jobs to execute...
Execute 1 jobs...
[Sun Dec  7 15:53:50 2025]
localrule run_all:
    input: results/data_storage_summary.txt, results/zip_level_summary.csv, results/correlation_heatmap.png, results/risk_correlations.txt, results/high_risk_vs_zhvi_scatter.png, results/low_risk_vs_zhvi_scatter.png, results/housing_by_high_risk_tertiles.png, results/housing_by_low_risk_tertiles.png, results/risk_by_price_quartiles.csv
    jobid: 0
    reason: Input files updated by another job: results/data_storage_summary.txt
    resources: tmpdir=/var/folders/sh/z8h893ps7k92l_crm8fmjw800000gn/T
[Sun Dec  7 15:53:50 2025]
Finished jobid: 0 (Rule: run_all)
2 of 2 steps (100%) done
Complete log(s): /Users/anniegu/Desktop/IS-477-Course-Project/.snakemake/log/2025-12-07T155344.907135.snakemake.log
